<?xml version="1.0" encoding="UTF-8"?>
<!-- Generated by org.testng.reporters.JUnitXMLReporter -->
<testsuite hostname="user" ignored="0" name="Default test" tests="3" failures="0" timestamp="16 May 2021 03:09:13 GMT" time="0.06" errors="0">
  <testcase name="func_1" time="0.011" classname="com.testNG.practice.GroupsDemo"/>
  <testcase name="func_2" time="0.003" classname="com.testNG.practice.GroupsDemo"/>
  <testcase name="func_3" time="0.003" classname="com.testNG.practice.GroupsDemo"/>
</testsuite> <!-- Default test -->
