<?xml version="1.0" encoding="UTF-8"?>
<!-- Generated by org.testng.reporters.JUnitXMLReporter -->
<testsuite hostname="user" ignored="0" name="Assignment" tests="1" failures="1" timestamp="04 Aug 2019 09:28:11 GMT" time="0.065" errors="0">
  <testcase name="verify_FacebookPostComment" time="0.012" classname="Com.TestAssignment.FB.test">
    <failure type="java.lang.NullPointerException">
      <![CDATA[java.lang.NullPointerException
at Com.TestAssignment.FB.test.verify_FacebookPostComment(test.java:22)
... Removed 25 stack frames]]>
    </failure>
  </testcase> <!-- verify_FacebookPostComment -->
</testsuite> <!-- Assignment -->
