<?xml version="1.0" encoding="UTF-8"?>
<!-- Generated by org.testng.reporters.JUnitXMLReporter -->
<testsuite hostname="user" ignored="7" name="Test" tests="3" failures="0" timestamp="16 May 2021 03:12:05 GMT" time="0.083" errors="0">
  <testcase name="func_4" time="0.02" classname="com.testNG.practice.GroupDemo2"/>
  <testcase name="func_1" time="0.006" classname="com.testNG.practice.GroupsDemo"/>
  <testcase name="func_2" time="0.003" classname="com.testNG.practice.GroupsDemo"/>
  <testcase name="a_test" time="0.0" classname="com.testNG.practice.Sample_1">
    <ignored/>
  </testcase> <!-- a_test -->
  <testcase name="b_test" time="0.0" classname="com.testNG.practice.Sample_1">
    <ignored/>
  </testcase> <!-- b_test -->
  <testcase name="testMethod_2" time="0.0" classname="com.testNG.practice.AnnotationOrder">
    <ignored/>
  </testcase> <!-- testMethod_2 -->
  <testcase name="func_3" time="0.0" classname="com.testNG.practice.GroupsDemo">
    <ignored/>
  </testcase> <!-- func_3 -->
  <testcase name="c_test" time="0.0" classname="com.testNG.practice.Sample_1">
    <ignored/>
  </testcase> <!-- c_test -->
  <testcase name="testMethod" time="0.0" classname="com.testNG.practice.AnnotationOrder">
    <ignored/>
  </testcase> <!-- testMethod -->
  <testcase name="d_test" time="0.0" classname="com.testNG.practice.Sample_1">
    <ignored/>
  </testcase> <!-- d_test -->
</testsuite> <!-- Test -->
