<?xml version="1.0" encoding="UTF-8"?>
<testng-results skipped="0" failed="0" total="1" passed="1">
  <reporter-output>
  </reporter-output>
  <suite name="Default suite" duration-ms="69" started-at="2019-01-28T02:27:36Z" finished-at="2019-01-28T02:27:36Z">
    <groups>
    </groups>
    <test name="Default test" duration-ms="69" started-at="2019-01-28T02:27:36Z" finished-at="2019-01-28T02:27:36Z">
      <class name="aaa.qq.AppTest">
        <test-method status="PASS" signature="shouldAnswerWithTrue()[pri:0, instance:aaa.qq.AppTest@28d25987]" name="shouldAnswerWithTrue" duration-ms="23" started-at="2019-01-27T18:27:36Z" finished-at="2019-01-27T18:27:36Z">
          <reporter-output>
          </reporter-output>
        </test-method> <!-- shouldAnswerWithTrue -->
      </class> <!-- aaa.qq.AppTest -->
    </test> <!-- Default test -->
  </suite> <!-- Default suite -->
</testng-results>
