<?xml version="1.0" encoding="UTF-8"?>
<testng-results skipped="0" failed="0" ignored="7" total="10" passed="3">
  <reporter-output>
  </reporter-output>
  <suite name="Suite_Demo" duration-ms="83" started-at="2021-05-16T03:12:05Z" finished-at="2021-05-16T03:12:05Z">
    <groups>
      <group name="ETE">
        <method signature="GroupsDemo.func_1()[pri:0, instance:com.testNG.practice.GroupsDemo@4520ebad]" name="func_1" class="com.testNG.practice.GroupsDemo"/>
      </group> <!-- ETE -->
      <group name="Regression">
        <method signature="GroupDemo2.func_4()[pri:0, instance:com.testNG.practice.GroupDemo2@58651fd0]" name="func_4" class="com.testNG.practice.GroupDemo2"/>
        <method signature="GroupsDemo.func_1()[pri:0, instance:com.testNG.practice.GroupsDemo@4520ebad]" name="func_1" class="com.testNG.practice.GroupsDemo"/>
        <method signature="GroupsDemo.func_2()[pri:0, instance:com.testNG.practice.GroupsDemo@4520ebad]" name="func_2" class="com.testNG.practice.GroupsDemo"/>
      </group> <!-- Regression -->
    </groups>
    <test name="Test" duration-ms="83" started-at="2021-05-16T03:12:05Z" finished-at="2021-05-16T03:12:05Z">
      <class name="com.testNG.practice.GroupDemo2">
        <test-method status="PASS" signature="func_4()[pri:0, instance:com.testNG.practice.GroupDemo2@58651fd0]" name="func_4" duration-ms="20" started-at="2021-05-16T03:12:05Z" finished-at="2021-05-16T03:12:05Z">
          <reporter-output>
          </reporter-output>
        </test-method> <!-- func_4 -->
      </class> <!-- com.testNG.practice.GroupDemo2 -->
      <class name="com.testNG.practice.GroupsDemo">
        <test-method status="PASS" signature="func_1()[pri:0, instance:com.testNG.practice.GroupsDemo@4520ebad]" name="func_1" duration-ms="6" started-at="2021-05-16T03:12:05Z" finished-at="2021-05-16T03:12:05Z">
          <reporter-output>
          </reporter-output>
        </test-method> <!-- func_1 -->
        <test-method status="PASS" signature="func_2()[pri:0, instance:com.testNG.practice.GroupsDemo@4520ebad]" name="func_2" duration-ms="3" started-at="2021-05-16T03:12:05Z" finished-at="2021-05-16T03:12:05Z">
          <reporter-output>
          </reporter-output>
        </test-method> <!-- func_2 -->
      </class> <!-- com.testNG.practice.GroupsDemo -->
    </test> <!-- Test -->
  </suite> <!-- Suite_Demo -->
</testng-results>
