<?xml version="1.0" encoding="UTF-8"?>
<testng-results skipped="0" failed="0" total="1" passed="1">
  <reporter-output>
  </reporter-output>
  <suite name="Default suite" duration-ms="7533" started-at="2021-04-25T09:45:01Z" finished-at="2021-04-25T09:45:09Z">
    <groups>
    </groups>
    <test name="Default test" duration-ms="7533" started-at="2021-04-25T09:45:01Z" finished-at="2021-04-25T09:45:09Z">
      <class name="mukesh.authentication.OAth2">
        <test-method status="PASS" signature="test1()[pri:0, instance:mukesh.authentication.OAth2@15975490]" name="test1" duration-ms="7485" started-at="2021-04-25T15:15:01Z" finished-at="2021-04-25T15:15:09Z">
          <reporter-output>
          </reporter-output>
        </test-method> <!-- test1 -->
      </class> <!-- mukesh.authentication.OAth2 -->
    </test> <!-- Default test -->
  </suite> <!-- Default suite -->
</testng-results>
