<?xml version="1.0" encoding="UTF-8"?>
<!-- Generated by org.testng.reporters.JUnitXMLReporter -->
<testsuite hostname="user" ignored="0" name="Sprint1" tests="3" failures="1" timestamp="31 Jul 2019 06:22:05 GMT" time="0.146" errors="0">
  <testcase name="testFB" time="0.027" classname="com.sample.testng.Testcase1"/>
  <testcase name="testTwitter" time="0.012" classname="com.sample.testng.Testcase2"/>
  <testcase name="testWordPress" time="0.03" classname="com.sample.testng.Testcase3">
    <failure type="java.lang.AssertionError" message="expected [true] but found [false]">
      <![CDATA[java.lang.AssertionError: expected [true] but found [false]
at com.sample.testng.Testcase3.testWordPress(Testcase3.java:10)
... Removed 29 stack frames]]>
    </failure>
  </testcase> <!-- testWordPress -->
</testsuite> <!-- Sprint1 -->
